[15:47:06] [main/WARN]: Ambiguity between arguments [teleport, destination] and [teleport, targets] with inputs: [Player, 0123, @e, dd12be42-52a9-4a91-a8a1-11c01849e498]
[15:47:06] [main/WARN]: Ambiguity between arguments [teleport, location] and [teleport, destination] with inputs: [0.1 -0.5 .9, 0 0 0]
[15:47:06] [main/WARN]: Ambiguity between arguments [teleport, location] and [teleport, targets] with inputs: [0.1 -0.5 .9, 0 0 0]
[15:47:06] [main/WARN]: Ambiguity between arguments [teleport, targets] and [teleport, destination] with inputs: [Player, 0123, dd12be42-52a9-4a91-a8a1-11c01849e498]
[15:47:06] [main/WARN]: Ambiguity between arguments [teleport, targets, location] and [teleport, targets, destination] with inputs: [0.1 -0.5 .9, 0 0 0]
[15:47:10] [Server thread/INFO]: Starting minecraft server version 1.15.2
[15:47:10] [Server thread/INFO]: Loading properties
[15:47:10] [Server thread/INFO]: Default game type: SURVIVAL
[15:47:10] [Server thread/INFO]: Generating keypair
[15:47:10] [Server console handler/ERROR]: Exception handling console input
java.io.IOException: The handle is invalid
	at java.io.FileInputStream.readBytes(Native Method) ~[?:1.8.0_241]
	at java.io.FileInputStream.read(Unknown Source) ~[?:1.8.0_241]
	at java.io.BufferedInputStream.read1(Unknown Source) ~[?:1.8.0_241]
	at java.io.BufferedInputStream.read(Unknown Source) ~[?:1.8.0_241]
	at sun.nio.cs.StreamDecoder.readBytes(Unknown Source) ~[?:1.8.0_241]
	at sun.nio.cs.StreamDecoder.implRead(Unknown Source) ~[?:1.8.0_241]
	at sun.nio.cs.StreamDecoder.read(Unknown Source) ~[?:1.8.0_241]
	at java.io.InputStreamReader.read(Unknown Source) ~[?:1.8.0_241]
	at java.io.BufferedReader.fill(Unknown Source) ~[?:1.8.0_241]
	at java.io.BufferedReader.readLine(Unknown Source) ~[?:1.8.0_241]
	at java.io.BufferedReader.readLine(Unknown Source) ~[?:1.8.0_241]
	at wd$2.run(SourceFile:110) [server.jar:?]
[15:47:11] [Server thread/INFO]: Starting Minecraft server on *:25565
[15:47:11] [Server thread/INFO]: Using default channel type
[15:47:13] [Server thread/WARN]: **** SERVER IS RUNNING IN OFFLINE/INSECURE MODE!
[15:47:13] [Server thread/WARN]: The server will make no attempt to authenticate usernames. Beware.
[15:47:13] [Server thread/WARN]: While this makes the game possible to play without internet access, it also opens up the ability for hackers to connect with any username they choose.
[15:47:13] [Server thread/WARN]: To change this, set "online-mode" to "true" in the server.properties file.
[15:47:13] [Server thread/INFO]: Preparing level "world"
[15:47:13] [Server thread/INFO]: Reloading ResourceManager: Default
[15:47:14] [Server thread/INFO]: Loaded 6 recipes
[15:47:15] [Server thread/INFO]: Loaded 825 advancements
[15:47:15] [Server thread/INFO]: Preparing start region for dimension minecraft:overworld
[15:47:23] [Server thread/INFO]: Preparing spawn area: 0%
[15:47:23] [Server thread/INFO]: Preparing spawn area: 0%
[15:47:23] [Server thread/INFO]: Preparing spawn area: 0%
[15:47:23] [Server thread/INFO]: Preparing spawn area: 0%
[15:47:23] [Server thread/INFO]: Preparing spawn area: 0%
[15:47:23] [Server thread/INFO]: Preparing spawn area: 0%
[15:47:23] [Server thread/INFO]: Preparing spawn area: 0%
[15:47:23] [Server thread/INFO]: Preparing spawn area: 0%
[15:47:23] [Server thread/INFO]: Preparing spawn area: 0%
[15:47:23] [Server thread/INFO]: Preparing spawn area: 0%
[15:47:23] [Server thread/INFO]: Preparing spawn area: 0%
[15:47:23] [Server thread/INFO]: Preparing spawn area: 0%
[15:47:23] [Server thread/INFO]: Preparing spawn area: 0%
[15:47:23] [Server thread/INFO]: Preparing spawn area: 0%
[15:47:23] [Server thread/INFO]: Preparing spawn area: 0%
[15:47:24] [Server thread/INFO]: Preparing spawn area: 0%
[15:47:24] [Server thread/INFO]: Preparing spawn area: 0%
[15:47:24] [Server-Worker-2/INFO]: Preparing spawn area: 83%
[15:47:25] [Server thread/INFO]: Preparing spawn area: 86%
[15:47:25] [Server thread/INFO]: Preparing spawn area: 86%
[15:47:25] [Server thread/INFO]: Time elapsed: 9751 ms
[15:47:25] [Server thread/INFO]: Done (12.009s)! For help, type "help"
[15:48:47] [Server thread/INFO]: dubudubuuu[/0:0:0:0:0:0:0:1:64297] logged in with entity id 242 at (76.13037720337587, 64.0, 635.3000000119209)
[15:48:47] [Server thread/INFO]: dubudubuuu joined the game
[15:55:06] [Server thread/WARN]: Boat moved wrongly!
[15:55:06] [Server thread/WARN]: Boat moved wrongly!
[15:55:06] [Server thread/WARN]: Boat moved wrongly!
[15:55:06] [Server thread/WARN]: Boat moved wrongly!
[15:55:06] [Server thread/WARN]: Boat moved wrongly!
[15:55:06] [Server thread/WARN]: Boat moved wrongly!
